<?xml version="1.0" encoding="UTF-8"?>
<!-- Generated by org.testng.reporters.JUnitXMLReporter -->
<testsuite ignored="0" hostname="TVDLT-0422" failures="0" tests="3" name="Default test" time="13.866" errors="0" timestamp="2024-12-14T18:38:47 EET">
  <testcase classname="gs1ScenarioTest.GS1Test" name="Scenario1" time="7.277"/>
  <testcase classname="gs1ScenarioTest.GS1Test" name="Scenario2" time="4.13"/>
  <testcase classname="gs1ScenarioTest.GS1Test" name="Scenario3" time="2.135"/>
</testsuite> <!-- Default test -->
