<?xml version="1.0" encoding="UTF-8"?>
<!-- Generated by org.testng.reporters.JUnitXMLReporter -->
<testsuite ignored="0" hostname="TVDLT-0422" failures="0" tests="3" name="GS1 Tests" time="20.055" errors="0" timestamp="2024-12-14T17:54:19 EET">
  <testcase classname="gs1ScenarioTest.GS1Test" name="Scenario1" time="11.079"/>
  <testcase classname="gs1ScenarioTest.GS1Test" name="Scenario2" time="8.647"/>
  <testcase classname="gs1ScenarioTest.GS1Test" name="Scenario3" time="0.016"/>
</testsuite> <!-- GS1 Tests -->
