<?xml version="1.0" encoding="UTF-8"?>
<testng-results ignored="0" total="3" passed="3" failed="0" skipped="0">
  <reporter-output>
  </reporter-output>
  <suite started-at="2024-12-14T18:38:33 EET" name="Default suite" finished-at="2024-12-14T18:38:47 EET" duration-ms="13866">
    <groups>
    </groups>
    <test started-at="2024-12-14T18:38:33 EET" name="Default test" finished-at="2024-12-14T18:38:47 EET" duration-ms="13866">
      <class name="gs1ScenarioTest.GS1Test">
        <test-method is-config="true" signature="startDriver()[pri:0, instance:gs1ScenarioTest.GS1Test@60d1a32f]" started-at="2024-12-14T18:38:28 EET" name="startDriver" finished-at="2024-12-14T18:38:33 EET" duration-ms="5397" status="PASS">
          <reporter-output>
          </reporter-output>
        </test-method> <!-- startDriver -->
        <test-method signature="Scenario1()[pri:0, instance:gs1ScenarioTest.GS1Test@60d1a32f]" started-at="2024-12-14T18:38:33 EET" name="Scenario1" finished-at="2024-12-14T18:38:40 EET" duration-ms="7277" status="PASS">
          <reporter-output>
          </reporter-output>
        </test-method> <!-- Scenario1 -->
        <test-method signature="Scenario2()[pri:0, instance:gs1ScenarioTest.GS1Test@60d1a32f]" started-at="2024-12-14T18:38:41 EET" name="Scenario2" finished-at="2024-12-14T18:38:45 EET" duration-ms="4130" status="PASS">
          <reporter-output>
          </reporter-output>
        </test-method> <!-- Scenario2 -->
        <test-method signature="Scenario3()[pri:0, instance:gs1ScenarioTest.GS1Test@60d1a32f]" started-at="2024-12-14T18:38:45 EET" name="Scenario3" finished-at="2024-12-14T18:38:47 EET" duration-ms="2135" status="PASS">
          <reporter-output>
          </reporter-output>
        </test-method> <!-- Scenario3 -->
      </class> <!-- gs1ScenarioTest.GS1Test -->
    </test> <!-- Default test -->
  </suite> <!-- Default suite -->
</testng-results>
